Using pre-set license
Built from '2020.2/release' branch; Version is '2020.2.1f1 (270dd8c3da1c) revision 2559448'; Using compiler version '192528614'; Build Type 'Release'
OS: 'Windows 10  (10.0.0) 64bit' Language: 'tr' Physical Memory: 16337 MB
BatchMode: 1, IsHumanControllingUs: 0, StartBugReporterOnCrash: 0, Is64bit: 1, IsPro: 0

 COMMAND LINE ARGUMENTS:
D:\UNITY\2020.2.1f1\Editor\Unity.exe
-adb2
-batchMode
-noUpm
-name
AssetImportWorker0
-projectPath
D:/UNITY/projects/HyperCasual
-logFile
Logs/AssetImportWorker0.log
-srvPort
57869
Successfully changed project path to: D:/UNITY/projects/HyperCasual
D:/UNITY/projects/HyperCasual
Using Asset Import Pipeline V2.
Refreshing native plugins compatible for Editor in 31.34 ms, found 0 plugins.
Preloading 0 native plugins for Editor in 0.00 ms.
Initialize engine version: 2020.2.1f1 (270dd8c3da1c)
[Subsystems] Discovering subsystems at path D:/UNITY/2020.2.1f1/Editor/Data/Resources/UnitySubsystems
[Subsystems] Discovering subsystems at path D:/UNITY/projects/HyperCasual/Assets
GfxDevice: creating device client; threaded=0
Direct3D:
    Version:  Direct3D 11.0 [level 11.1]
    Renderer: NVIDIA GeForce GTX 970M (ID=0x13d8)
    Vendor:   
    VRAM:     3029 MB
    Driver:   27.21.14.6627
Initialize mono
Mono path[0] = 'D:/UNITY/2020.2.1f1/Editor/Data/Managed'
Mono path[1] = 'D:/UNITY/2020.2.1f1/Editor/Data/MonoBleedingEdge/lib/mono/unityjit'
Mono config path = 'D:/UNITY/2020.2.1f1/Editor/Data/MonoBleedingEdge/etc'
Using monoOptions --debugger-agent=transport=dt_socket,embedding=1,server=y,suspend=n,address=127.0.0.1:56260
Begin MonoManager ReloadAssembly
Registering precompiled unity dll's ...
Register platform support module: D:/UNITY/2020.2.1f1/Editor/Data/PlaybackEngines/WebGLSupport/UnityEditor.WebGL.Extensions.dll
Register platform support module: D:/UNITY/2020.2.1f1/Editor/Data/PlaybackEngines/WindowsStandaloneSupport/UnityEditor.WindowsStandalone.Extensions.dll
Registered in 0.001681 seconds.
Native extension for WindowsStandalone target not found
Native extension for WebGL target not found
Refreshing native plugins compatible for Editor in 28.60 ms, found 0 plugins.
Preloading 0 native plugins for Editor in 0.00 ms.
Invoked RoslynAnalysisRunner static constructor.
RoslynAnalysisRunner will not be running.
RoslynAnalysisRunner has terminated.
Mono: successfully reloaded assembly
- Completed reload, in  2.338 seconds
Platform modules already initialized, skipping
Registering precompiled user dll's ...
Registered in 0.000825 seconds.
Begin MonoManager ReloadAssembly
Native extension for WindowsStandalone target not found
Native extension for WebGL target not found
Refreshing native plugins compatible for Editor in 0.21 ms, found 0 plugins.
Preloading 0 native plugins for Editor in 0.00 ms.
Invoked RoslynAnalysisRunner static constructor.
RoslynAnalysisRunner will not be running.
RoslynAnalysisRunner has terminated.
Mono: successfully reloaded assembly
- Completed reload, in  1.042 seconds
Platform modules already initialized, skipping
========================================================================
Worker process is ready to serve import requests
Launched and connected shader compiler UnityShaderCompiler.exe after 0.06 seconds
Refreshing native plugins compatible for Editor in 0.29 ms, found 0 plugins.
Preloading 0 native plugins for Editor in 0.00 ms.
Unloading 1098 Unused Serialized files (Serialized files now loaded: 0)
System memory in use before: 68.3 MB.
System memory in use after: 68.4 MB.

Unloading 10 unused Assets to reduce memory usage. Loaded Objects now: 1554.
Total: 2.704000 ms (FindLiveObjects: 0.336400 ms CreateObjectMapping: 0.089000 ms MarkObjects: 2.144800 ms  DeleteObjects: 0.132300 ms)

========================================================================
Received Import Request.
  path: Assets/Polytope Studio/Lowpoly Medieval Environments/Prefabs/PT_Medieval_Rock_6.prefab
  artifactKey: Guid(c1325fa2bd1c15245a71ba8ebc3659f3) Importer(815301076,1909f56bfc062723c751e8b465ee728b)
Start importing Assets/Polytope Studio/Lowpoly Medieval Environments/Prefabs/PT_Medieval_Rock_6.prefab using Guid(c1325fa2bd1c15245a71ba8ebc3659f3) Importer(815301076,1909f56bfc062723c751e8b465ee728b)  -> (artifact id: '13e5fa8f18cba9c09631d8eb7d8b3a13') in 0.193668 seconds
  Import took 0.197644 seconds .

========================================================================
Received Import Request.
  Time since last request: 0.000415 seconds.
  path: Assets/Polytope Studio/Lowpoly Medieval Environments/Prefabs/PT_Medieval_Rock_4.prefab
  artifactKey: Guid(6c482e625e2add940a53e04912d07ae7) Importer(815301076,1909f56bfc062723c751e8b465ee728b)
Start importing Assets/Polytope Studio/Lowpoly Medieval Environments/Prefabs/PT_Medieval_Rock_4.prefab using Guid(6c482e625e2add940a53e04912d07ae7) Importer(815301076,1909f56bfc062723c751e8b465ee728b)  -> (artifact id: 'ddde4fdc2dbcca3193d44217e923a99f') in 0.014059 seconds
  Import took 0.018069 seconds .

========================================================================
Received Import Request.
  Time since last request: 4.803771 seconds.
  path: Assets/Polytope Studio/Lowpoly Medieval Props/Prefabs/PT_Medieval_Medicine_Bottle_04.prefab
  artifactKey: Guid(869c51fa6b3aff44b9df14ebc92019e2) Importer(815301076,1909f56bfc062723c751e8b465ee728b)
Start importing Assets/Polytope Studio/Lowpoly Medieval Props/Prefabs/PT_Medieval_Medicine_Bottle_04.prefab using Guid(869c51fa6b3aff44b9df14ebc92019e2) Importer(815301076,1909f56bfc062723c751e8b465ee728b)  -> (artifact id: '6bc0caffb307771a30c19109e517810d') in 0.126433 seconds
  Import took 0.128996 seconds .

========================================================================
Received Import Request.
  Time since last request: 21.023452 seconds.
  path: Assets/Polytope Studio/Lowpoly Medieval Demos/Plague_Doctor_Free_Asset/Display_scene_Doctor.unity
  artifactKey: Guid(9748c49dfc569fa4493eb485fc11e026) Importer(815301076,1909f56bfc062723c751e8b465ee728b)
Start importing Assets/Polytope Studio/Lowpoly Medieval Demos/Plague_Doctor_Free_Asset/Display_scene_Doctor.unity using Guid(9748c49dfc569fa4493eb485fc11e026) Importer(815301076,1909f56bfc062723c751e8b465ee728b)  -> (artifact id: 'f54c5d29e1cd8bf5fe334a916a1758e0') in 0.002859 seconds
  Import took 0.004887 seconds .

========================================================================
Received Import Request.
  Time since last request: 1.803689 seconds.
  path: Assets/Polytope Studio/Lowpoly Medieval Demos/Plague_Doctor_Free_Asset/Free_Character_Demo_Doctor.unity
  artifactKey: Guid(f15c93addc4696e4d9bdae583d8196ba) Importer(815301076,1909f56bfc062723c751e8b465ee728b)
Start importing Assets/Polytope Studio/Lowpoly Medieval Demos/Plague_Doctor_Free_Asset/Free_Character_Demo_Doctor.unity using Guid(f15c93addc4696e4d9bdae583d8196ba) Importer(815301076,1909f56bfc062723c751e8b465ee728b)  -> (artifact id: '29e60e60c5cafa9cce77b277b1651f2c') in 0.002653 seconds
  Import took 0.005264 seconds .

========================================================================
Received Prepare
Registering precompiled user dll's ...
Registered in 0.000722 seconds.
Begin MonoManager ReloadAssembly
Native extension for WindowsStandalone target not found
Native extension for WebGL target not found
Refreshing native plugins compatible for Editor in 0.20 ms, found 0 plugins.
Preloading 0 native plugins for Editor in 0.00 ms.
Invoked RoslynAnalysisRunner static constructor.
RoslynAnalysisRunner will not be running.
RoslynAnalysisRunner has terminated.
Mono: successfully reloaded assembly
- Completed reload, in  1.143 seconds
Platform modules already initialized, skipping
Refreshing native plugins compatible for Editor in 0.25 ms, found 0 plugins.
Preloading 0 native plugins for Editor in 0.00 ms.
Unloading 1093 Unused Serialized files (Serialized files now loaded: 0)
System memory in use before: 71.6 MB.
System memory in use after: 71.7 MB.

Unloading 5 unused Assets to reduce memory usage. Loaded Objects now: 1563.
Total: 2.615600 ms (FindLiveObjects: 0.178300 ms CreateObjectMapping: 0.089800 ms MarkObjects: 2.226500 ms  DeleteObjects: 0.120100 ms)

========================================================================
Received Import Request.
  Time since last request: 264.083355 seconds.
  path: Assets/Polytope Studio/Lowpoly Medieval Environments/Sources/Meshes/PT_Medieval_Tree_1.fbx
  artifactKey: Guid(fab0918501d63734e9a19b64c51761ac) Importer(815301076,1909f56bfc062723c751e8b465ee728b)
Start importing Assets/Polytope Studio/Lowpoly Medieval Environments/Sources/Meshes/PT_Medieval_Tree_1.fbx using Guid(fab0918501d63734e9a19b64c51761ac) Importer(815301076,1909f56bfc062723c751e8b465ee728b)  -> (artifact id: '4fb2c72f8e67085286d931b1abbd0790') in 0.196967 seconds
  Import took 0.199687 seconds .

========================================================================
Received Prepare
Registering precompiled user dll's ...
Registered in 0.000800 seconds.
Begin MonoManager ReloadAssembly
Native extension for WindowsStandalone target not found
Native extension for WebGL target not found
Refreshing native plugins compatible for Editor in 0.22 ms, found 0 plugins.
Preloading 0 native plugins for Editor in 0.00 ms.
Invoked RoslynAnalysisRunner static constructor.
RoslynAnalysisRunner will not be running.
RoslynAnalysisRunner has terminated.
Mono: successfully reloaded assembly
- Completed reload, in  0.997 seconds
Platform modules already initialized, skipping
Refreshing native plugins compatible for Editor in 0.21 ms, found 0 plugins.
Preloading 0 native plugins for Editor in 0.00 ms.
Unloading 1093 Unused Serialized files (Serialized files now loaded: 0)
System memory in use before: 72.2 MB.
System memory in use after: 72.2 MB.

Unloading 5 unused Assets to reduce memory usage. Loaded Objects now: 1569.
Total: 3.095200 ms (FindLiveObjects: 0.277100 ms CreateObjectMapping: 0.133600 ms MarkObjects: 2.561400 ms  DeleteObjects: 0.121000 ms)

========================================================================
Received Import Request.
  Time since last request: 1782.395831 seconds.
  path: ProjectSettings/TagManager.asset
  artifactKey: Guid(00000000000000003000000000000000) Importer(815301076,1909f56bfc062723c751e8b465ee728b)
Start importing ProjectSettings/TagManager.asset using Guid(00000000000000003000000000000000) Importer(815301076,1909f56bfc062723c751e8b465ee728b)  -> (artifact id: '32be1dc58a2ff68c609cda454653f000') in 0.030561 seconds
  Import took 0.034409 seconds .

========================================================================
Received Import Request.
  Time since last request: 0.006132 seconds.
  path: ProjectSettings/TagManager.asset
  artifactKey: Guid(00000000000000003000000000000000) Importer(815301076,1909f56bfc062723c751e8b465ee728b)
Start importing ProjectSettings/TagManager.asset using Guid(00000000000000003000000000000000) Importer(815301076,1909f56bfc062723c751e8b465ee728b)  -> (artifact id: '32be1dc58a2ff68c609cda454653f000') in 0.002741 seconds
  Import took 0.005267 seconds .

========================================================================
Received Prepare
Registering precompiled user dll's ...
Registered in 0.000777 seconds.
Begin MonoManager ReloadAssembly
Native extension for WindowsStandalone target not found
Native extension for WebGL target not found
Refreshing native plugins compatible for Editor in 0.21 ms, found 0 plugins.
Preloading 0 native plugins for Editor in 0.00 ms.
Invoked RoslynAnalysisRunner static constructor.
RoslynAnalysisRunner will not be running.
RoslynAnalysisRunner has terminated.
Mono: successfully reloaded assembly
- Completed reload, in  1.027 seconds
Platform modules already initialized, skipping
Refreshing native plugins compatible for Editor in 0.26 ms, found 0 plugins.
Preloading 0 native plugins for Editor in 0.00 ms.
Unloading 1093 Unused Serialized files (Serialized files now loaded: 0)
System memory in use before: 72.4 MB.
System memory in use after: 72.5 MB.

Unloading 7 unused Assets to reduce memory usage. Loaded Objects now: 1571.
Total: 2.168400 ms (FindLiveObjects: 0.200800 ms CreateObjectMapping: 0.132100 ms MarkObjects: 1.758700 ms  DeleteObjects: 0.075600 ms)

========================================================================
Received Import Request.
  Time since last request: 201.433150 seconds.
  path: Assets/materials/cubecolour.mat
  artifactKey: Guid(44986d8c65aa0f14193bfd9c0cbffb65) Importer(815301076,1909f56bfc062723c751e8b465ee728b)
Start importing Assets/materials/cubecolour.mat using Guid(44986d8c65aa0f14193bfd9c0cbffb65) Importer(815301076,1909f56bfc062723c751e8b465ee728b)  -> (artifact id: '9bb617e2bc0787511cb40f49b0c219cf') in 0.080602 seconds
  Import took 0.082803 seconds .

========================================================================
Received Prepare
Registering precompiled user dll's ...
Registered in 0.001538 seconds.
Begin MonoManager ReloadAssembly
Native extension for WindowsStandalone target not found
Native extension for WebGL target not found
Refreshing native plugins compatible for Editor in 0.21 ms, found 0 plugins.
Preloading 0 native plugins for Editor in 0.00 ms.
Invoked RoslynAnalysisRunner static constructor.
RoslynAnalysisRunner will not be running.
RoslynAnalysisRunner has terminated.
Mono: successfully reloaded assembly
- Completed reload, in  1.227 seconds
Platform modules already initialized, skipping
Refreshing native plugins compatible for Editor in 0.23 ms, found 0 plugins.
Preloading 0 native plugins for Editor in 0.00 ms.
Unloading 1093 Unused Serialized files (Serialized files now loaded: 0)
System memory in use before: 72.8 MB.
System memory in use after: 72.9 MB.

Unloading 5 unused Assets to reduce memory usage. Loaded Objects now: 1607.
Total: 2.286700 ms (FindLiveObjects: 0.174100 ms CreateObjectMapping: 0.050900 ms MarkObjects: 1.973200 ms  DeleteObjects: 0.087300 ms)

========================================================================
Received Import Request.
  Time since last request: 1361.115330 seconds.
  path: Assets/Cube (1).prefab
  artifactKey: Guid(b51879fcd203a884eac8367a5be15764) Importer(815301076,1909f56bfc062723c751e8b465ee728b)
Start importing Assets/Cube (1).prefab using Guid(b51879fcd203a884eac8367a5be15764) Importer(815301076,1909f56bfc062723c751e8b465ee728b)  -> (artifact id: '52796de8ae19ce00eb4e20fd1ad62641') in 0.085242 seconds
  Import took 0.087798 seconds .

========================================================================
Received Prepare
Registering precompiled user dll's ...
Registered in 0.001400 seconds.
Begin MonoManager ReloadAssembly
Native extension for WindowsStandalone target not found
Native extension for WebGL target not found
Refreshing native plugins compatible for Editor in 0.51 ms, found 0 plugins.
Preloading 0 native plugins for Editor in 0.00 ms.
Invoked RoslynAnalysisRunner static constructor.
RoslynAnalysisRunner will not be running.
RoslynAnalysisRunner has terminated.
Mono: successfully reloaded assembly
- Completed reload, in  1.027 seconds
Platform modules already initialized, skipping
Refreshing native plugins compatible for Editor in 0.28 ms, found 0 plugins.
Preloading 0 native plugins for Editor in 0.00 ms.
Unloading 1093 Unused Serialized files (Serialized files now loaded: 0)
System memory in use before: 73.1 MB.
System memory in use after: 73.2 MB.

Unloading 5 unused Assets to reduce memory usage. Loaded Objects now: 1611.
Total: 2.521400 ms (FindLiveObjects: 0.260800 ms CreateObjectMapping: 0.095000 ms MarkObjects: 2.069300 ms  DeleteObjects: 0.095100 ms)

========================================================================
Received Prepare
Registering precompiled user dll's ...
Registered in 0.000925 seconds.
Begin MonoManager ReloadAssembly
Native extension for WindowsStandalone target not found
Native extension for WebGL target not found
Refreshing native plugins compatible for Editor in 0.21 ms, found 0 plugins.
Preloading 0 native plugins for Editor in 0.00 ms.
Invoked RoslynAnalysisRunner static constructor.
RoslynAnalysisRunner will not be running.
RoslynAnalysisRunner has terminated.
Mono: successfully reloaded assembly
- Completed reload, in  0.993 seconds
Platform modules already initialized, skipping
Refreshing native plugins compatible for Editor in 0.21 ms, found 0 plugins.
Preloading 0 native plugins for Editor in 0.00 ms.
Unloading 1093 Unused Serialized files (Serialized files now loaded: 0)
System memory in use before: 73.4 MB.
System memory in use after: 73.5 MB.

Unloading 5 unused Assets to reduce memory usage. Loaded Objects now: 1613.
Total: 1.710800 ms (FindLiveObjects: 0.148300 ms CreateObjectMapping: 0.031600 ms MarkObjects: 1.440800 ms  DeleteObjects: 0.088700 ms)

========================================================================
Received Prepare
Registering precompiled user dll's ...
Registered in 0.001021 seconds.
Begin MonoManager ReloadAssembly
Native extension for WindowsStandalone target not found
Native extension for WebGL target not found
Refreshing native plugins compatible for Editor in 0.28 ms, found 0 plugins.
Preloading 0 native plugins for Editor in 0.00 ms.
Invoked RoslynAnalysisRunner static constructor.
RoslynAnalysisRunner will not be running.
RoslynAnalysisRunner has terminated.
Mono: successfully reloaded assembly
- Completed reload, in  1.002 seconds
Platform modules already initialized, skipping
Refreshing native plugins compatible for Editor in 0.22 ms, found 0 plugins.
Preloading 0 native plugins for Editor in 0.00 ms.
Unloading 1093 Unused Serialized files (Serialized files now loaded: 0)
System memory in use before: 73.6 MB.
System memory in use after: 73.7 MB.

Unloading 5 unused Assets to reduce memory usage. Loaded Objects now: 1615.
Total: 3.099200 ms (FindLiveObjects: 0.382300 ms CreateObjectMapping: 0.155300 ms MarkObjects: 2.463500 ms  DeleteObjects: 0.096300 ms)

========================================================================
Received Import Request.
  Time since last request: 726.647597 seconds.
  path: Assets/Cube (1).prefab
  artifactKey: Guid(b51879fcd203a884eac8367a5be15764) Importer(815301076,1909f56bfc062723c751e8b465ee728b)
Start importing Assets/Cube (1).prefab using Guid(b51879fcd203a884eac8367a5be15764) Importer(815301076,1909f56bfc062723c751e8b465ee728b)  -> (artifact id: '1d8ad81dd3db52acbd0a8ddeef66f290') in 0.063216 seconds
  Import took 0.065701 seconds .

========================================================================
Received Prepare
Registering precompiled user dll's ...
Registered in 0.000987 seconds.
Begin MonoManager ReloadAssembly
Native extension for WindowsStandalone target not found
Native extension for WebGL target not found
Refreshing native plugins compatible for Editor in 0.21 ms, found 0 plugins.
Preloading 0 native plugins for Editor in 0.00 ms.
Invoked RoslynAnalysisRunner static constructor.
RoslynAnalysisRunner will not be running.
RoslynAnalysisRunner has terminated.
Mono: successfully reloaded assembly
- Completed reload, in  1.038 seconds
Platform modules already initialized, skipping
Refreshing native plugins compatible for Editor in 0.30 ms, found 0 plugins.
Preloading 0 native plugins for Editor in 0.00 ms.
Unloading 1093 Unused Serialized files (Serialized files now loaded: 0)
System memory in use before: 73.0 MB.
System memory in use after: 73.0 MB.

Unloading 5 unused Assets to reduce memory usage. Loaded Objects now: 1618.
Total: 3.986700 ms (FindLiveObjects: 0.715100 ms CreateObjectMapping: 0.360300 ms MarkObjects: 2.787400 ms  DeleteObjects: 0.121700 ms)

========================================================================
Received Import Request.
  Time since last request: 84.664029 seconds.
  path: Assets/Cube (1).prefab
  artifactKey: Guid(b51879fcd203a884eac8367a5be15764) Importer(815301076,1909f56bfc062723c751e8b465ee728b)
Start importing Assets/Cube (1).prefab using Guid(b51879fcd203a884eac8367a5be15764) Importer(815301076,1909f56bfc062723c751e8b465ee728b)  -> (artifact id: 'b9fcc80ba6959bf7e2faca0018468a0a') in 0.071255 seconds
  Import took 0.074535 seconds .

========================================================================
Received Prepare
Registering precompiled user dll's ...
Registered in 0.000916 seconds.
Begin MonoManager ReloadAssembly
Native extension for WindowsStandalone target not found
Native extension for WebGL target not found
Refreshing native plugins compatible for Editor in 0.21 ms, found 0 plugins.
Preloading 0 native plugins for Editor in 0.00 ms.
Invoked RoslynAnalysisRunner static constructor.
RoslynAnalysisRunner will not be running.
RoslynAnalysisRunner has terminated.
Mono: successfully reloaded assembly
- Completed reload, in  0.917 seconds
Platform modules already initialized, skipping
Refreshing native plugins compatible for Editor in 0.22 ms, found 0 plugins.
Preloading 0 native plugins for Editor in 0.00 ms.
Unloading 1093 Unused Serialized files (Serialized files now loaded: 0)
System memory in use before: 73.2 MB.
System memory in use after: 73.3 MB.

Unloading 5 unused Assets to reduce memory usage. Loaded Objects now: 1621.
Total: 2.752200 ms (FindLiveObjects: 0.343700 ms CreateObjectMapping: 0.115100 ms MarkObjects: 2.223100 ms  DeleteObjects: 0.068300 ms)

========================================================================
Received Prepare
Registering precompiled user dll's ...
Registered in 0.000771 seconds.
Begin MonoManager ReloadAssembly
Native extension for WindowsStandalone target not found
Native extension for WebGL target not found
Refreshing native plugins compatible for Editor in 0.21 ms, found 0 plugins.
Preloading 0 native plugins for Editor in 0.00 ms.
Invoked RoslynAnalysisRunner static constructor.
RoslynAnalysisRunner will not be running.
RoslynAnalysisRunner has terminated.
Mono: successfully reloaded assembly
- Completed reload, in  1.027 seconds
Platform modules already initialized, skipping
Refreshing native plugins compatible for Editor in 0.28 ms, found 0 plugins.
Preloading 0 native plugins for Editor in 0.00 ms.
Unloading 1093 Unused Serialized files (Serialized files now loaded: 0)
System memory in use before: 73.5 MB.
System memory in use after: 73.6 MB.

Unloading 5 unused Assets to reduce memory usage. Loaded Objects now: 1623.
Total: 2.043100 ms (FindLiveObjects: 0.174900 ms CreateObjectMapping: 0.049400 ms MarkObjects: 1.734700 ms  DeleteObjects: 0.083000 ms)

========================================================================
Received Prepare
Registering precompiled user dll's ...
Registered in 0.000805 seconds.
Begin MonoManager ReloadAssembly
Native extension for WindowsStandalone target not found
Native extension for WebGL target not found
Refreshing native plugins compatible for Editor in 0.22 ms, found 0 plugins.
Preloading 0 native plugins for Editor in 0.00 ms.
Invoked RoslynAnalysisRunner static constructor.
RoslynAnalysisRunner will not be running.
RoslynAnalysisRunner has terminated.
Mono: successfully reloaded assembly
- Completed reload, in  1.082 seconds
Platform modules already initialized, skipping
Refreshing native plugins compatible for Editor in 0.28 ms, found 0 plugins.
Preloading 0 native plugins for Editor in 0.00 ms.
Unloading 1093 Unused Serialized files (Serialized files now loaded: 0)
System memory in use before: 73.7 MB.
System memory in use after: 73.7 MB.

Unloading 5 unused Assets to reduce memory usage. Loaded Objects now: 1625.
Total: 2.087700 ms (FindLiveObjects: 0.271400 ms CreateObjectMapping: 0.094900 ms MarkObjects: 1.652900 ms  DeleteObjects: 0.067300 ms)

AssetImportWorkerClient::OnTransportError - code=2 error=End of file
